<?xml version="1.0" encoding="UTF-8"?>
<testng-results skipped="0" failed="0" total="2" passed="2">
  <reporter-output>
  </reporter-output>
  <suite name="Test Suite" duration-ms="44539" started-at="2018-08-03T09:11:44Z" finished-at="2018-08-03T09:12:28Z">
    <groups>
    </groups>
    <test name="QA Tests" duration-ms="44539" started-at="2018-08-03T09:11:44Z" finished-at="2018-08-03T09:12:28Z">
      <class name="myPack.GmailLaunch">
        <test-method status="PASS" signature="logIn()[pri:0, instance:myPack.GmailLaunch@48eff760]" name="logIn" duration-ms="29312" started-at="2018-08-03T14:41:44Z" finished-at="2018-08-03T14:42:13Z">
          <reporter-output>
          </reporter-output>
        </test-method> <!-- logIn -->
      </class> <!-- myPack.GmailLaunch -->
      <class name="myPack.GoogleLaunchAndSearch">
        <test-method status="PASS" signature="googleLaunch()[pri:0, instance:myPack.GoogleLaunchAndSearch@5ae9a829]" name="googleLaunch" duration-ms="15153" started-at="2018-08-03T14:42:13Z" finished-at="2018-08-03T14:42:28Z">
          <reporter-output>
          </reporter-output>
        </test-method> <!-- googleLaunch -->
      </class> <!-- myPack.GoogleLaunchAndSearch -->
    </test> <!-- QA Tests -->
  </suite> <!-- Test Suite -->
</testng-results>
